0 info it worked if it ends with ok
1 verbose cli [ '/usr/local/bin/node', '/usr/local/bin/npm', 'start' ]
2 info using npm@3.10.10
3 info using node@v7.2.1
4 verbose run-script [ 'prestart', 'start', 'poststart' ]
5 info lifecycle interviewed-angular@0.0.1~prestart: interviewed-angular@0.0.1
6 silly lifecycle interviewed-angular@0.0.1~prestart: no script for prestart, continuing
7 info lifecycle interviewed-angular@0.0.1~start: interviewed-angular@0.0.1
8 verbose lifecycle interviewed-angular@0.0.1~start: unsafe-perm in lifecycle true
9 verbose lifecycle interviewed-angular@0.0.1~start: PATH: /usr/local/lib/node_modules/npm/bin/node-gyp-bin:/home/divyanshu/node-react-test/js-frameworks-agnostic/node_modules/.bin:/usr/local/heroku/bin:/usr/local/sbin:/usr/local/bin:/usr/sbin:/usr/bin:/sbin:/bin:/usr/games:/usr/local/games:/usr/lib/jvm/java-8-oracle/bin:/usr/lib/jvm/java-8-oracle/db/bin:/usr/lib/jvm/java-8-oracle/jre/bin:/home/divyanshu/home/divyanshu/Android/Sdk/tools:/home/divyanshu/home/divyanshu/Android/Sdk/platform-tools:/home/divyanshu/home/divyanshu/Android/Sdk/tools:/home/divyanshu/home/divyanshu/Android/Sdk/platform-tools
10 verbose lifecycle interviewed-angular@0.0.1~start: CWD: /home/divyanshu/node-react-test/js-frameworks-agnostic
11 silly lifecycle interviewed-angular@0.0.1~start: Args: [ '-c',
11 silly lifecycle   'NODE_ENV=production node_modules/.bin/webpack -p && NODE_ENV=production node_modules/.bin/babel-node --presets \'react,es2015\' app.js' ]
12 silly lifecycle interviewed-angular@0.0.1~start: Returned: code: 1  signal: null
13 info lifecycle interviewed-angular@0.0.1~start: Failed to exec start script
14 verbose stack Error: interviewed-angular@0.0.1 start: `NODE_ENV=production node_modules/.bin/webpack -p && NODE_ENV=production node_modules/.bin/babel-node --presets 'react,es2015' app.js`
14 verbose stack Exit status 1
14 verbose stack     at EventEmitter.<anonymous> (/usr/local/lib/node_modules/npm/lib/utils/lifecycle.js:255:16)
14 verbose stack     at emitTwo (events.js:106:13)
14 verbose stack     at EventEmitter.emit (events.js:191:7)
14 verbose stack     at ChildProcess.<anonymous> (/usr/local/lib/node_modules/npm/lib/utils/spawn.js:40:14)
14 verbose stack     at emitTwo (events.js:106:13)
14 verbose stack     at ChildProcess.emit (events.js:191:7)
14 verbose stack     at maybeClose (internal/child_process.js:885:16)
14 verbose stack     at Process.ChildProcess._handle.onexit (internal/child_process.js:226:5)
15 verbose pkgid interviewed-angular@0.0.1
16 verbose cwd /home/divyanshu/node-react-test/js-frameworks-agnostic
17 error Linux 4.4.0-53-generic
18 error argv "/usr/local/bin/node" "/usr/local/bin/npm" "start"
19 error node v7.2.1
20 error npm  v3.10.10
21 error code ELIFECYCLE
22 error interviewed-angular@0.0.1 start: `NODE_ENV=production node_modules/.bin/webpack -p && NODE_ENV=production node_modules/.bin/babel-node --presets 'react,es2015' app.js`
22 error Exit status 1
23 error Failed at the interviewed-angular@0.0.1 start script 'NODE_ENV=production node_modules/.bin/webpack -p && NODE_ENV=production node_modules/.bin/babel-node --presets 'react,es2015' app.js'.
23 error Make sure you have the latest version of node.js and npm installed.
23 error If you do, this is most likely a problem with the interviewed-angular package,
23 error not with npm itself.
23 error Tell the author that this fails on your system:
23 error     NODE_ENV=production node_modules/.bin/webpack -p && NODE_ENV=production node_modules/.bin/babel-node --presets 'react,es2015' app.js
23 error You can get information on how to open an issue for this project with:
23 error     npm bugs interviewed-angular
23 error Or if that isn't available, you can get their info via:
23 error     npm owner ls interviewed-angular
23 error There is likely additional logging output above.
24 verbose exit [ 1, true ]
